<?xml version="1.0" encoding="UTF-8"?>
<!-- Generated by org.testng.reporters.JUnitReportReporter -->
<testsuite skipped="0" hostname="DESKTOP-4IOLA9M" name="com.www.Test.TestPom" tests="4" failures="0" timestamp="20 Mar 2018 06:24:08 GMT" time="36.945" errors="0">
  <testcase name="test5validdetail" time="9.762" classname="com.www.Test.TestPom"/>
  <testcase name="test2empty" time="8.007" classname="com.www.Test.TestPom"/>
  <testcase name="test4validpwd" time="9.726" classname="com.www.Test.TestPom"/>
  <testcase name="test3validuname" time="9.450" classname="com.www.Test.TestPom"/>
</testsuite> <!-- com.www.Test.TestPom -->
